<?xml version="1.0" encoding="UTF-8"?>
<!-- Generated by org.testng.reporters.JUnitReportReporter -->
<testsuite hostname="Jimmy" failures="0" tests="2" name="test_cases.AddToCartTest" time="76.692" errors="0" timestamp="2023-07-20T21:19:20 EET" skipped="0">
  <testcase classname="test_cases.AddToCartTest" name="fullfailcenario" time="27.941"/>
  <system-out/>
  <testcase classname="test_cases.AddToCartTest" name="fullPassscenario" time="48.751"/>
  <system-out/>
</testsuite> <!-- test_cases.AddToCartTest -->
